2021-12-03 15:33:12 - INFO - "GET / HTTP/1.1" 200 1219
2021-12-03 15:33:12 - INFO - "GET /static/style.css HTTP/1.1" 200 648
2021-12-03 16:32:03 - WARNING - "GET /todo HTTP/1.1" 404 1536
2021-12-03 16:32:27 - WARNING - "GET /todo HTTP/1.1" 404 1536
2021-12-03 16:32:55 - INFO - "GET /todo HTTP/1.1" 200 433
2021-12-03 16:32:55 - INFO - "GET /todo HTTP/1.1" 200 433
2021-12-03 16:33:10 - INFO - "GET /todos HTTP/1.1" 200 433
2021-12-03 16:33:10 - INFO - "GET /todos/1 HTTP/1.1" 200 147
2021-12-03 16:33:10 - INFO - "GET /todos/2 HTTP/1.1" 200 139
2021-12-03 16:33:10 - INFO - "GET /todos/3 HTTP/1.1" 200 141
2021-12-03 16:33:10 - INFO - "GET /todos HTTP/1.1" 200 433
2021-12-03 16:44:19 - INFO - "POST /todos HTTP/1.1" 200 141
2021-12-03 16:44:19 - INFO - "GET /todos HTTP/1.1" 200 576
2021-12-03 16:48:47 - ERROR - ContainerError in 0 on line 0
2021-12-03 16:49:16 - INFO - "PUT /todos/4 HTTP/1.1" 200 160
2021-12-03 16:49:16 - INFO - "GET /todos HTTP/1.1" 200 593
2021-12-03 16:49:16 - INFO - "GET /todos HTTP/1.1" 200 593
2021-12-03 16:50:05 - INFO - "PUT /todos/4 HTTP/1.1" 200 161
2021-12-03 16:50:05 - INFO - "GET /todos HTTP/1.1" 200 594
2021-12-03 16:59:32 - INFO - "GET /todos HTTP/1.1" 200 594
2021-12-03 16:59:32 - INFO - "DELETE /todos/4 HTTP/1.1" 200 161
2021-12-03 16:59:32 - INFO - "GET /todos HTTP/1.1" 200 433
